[2025-05-18 21:38:27.096787] sort_by_date ok | args: ([{'date': '2023-08-20T12:00:00', 'amount': 100}, {'date': '2022-05-15T08:30:00', 'amount': 200}, {'date': '2023-01-10T16:45:00', 'amount': 300}], True), kwargs: {}, result: [{'date': '2023-08-20T12:00:00', 'amount': 100}, {'date': '2023-01-10T16:45:00', 'amount': 300}, {'date': '2022-05-15T08:30:00', 'amount': 200}]
[2025-05-18 21:38:27.100796] sort_by_date ok | args: ([{'date': '2023-08-20T12:00:00', 'amount': 100}, {'date': '2022-05-15T08:30:00', 'amount': 200}, {'date': '2023-01-10T16:45:00', 'amount': 300}], False), kwargs: {}, result: [{'date': '2022-05-15T08:30:00', 'amount': 200}, {'date': '2023-01-10T16:45:00', 'amount': 300}, {'date': '2023-08-20T12:00:00', 'amount': 100}]
[2025-05-18 21:38:27.104743] sort_by_date ok | args: ([{'date': '2023-08-20T12:00:00', 'amount': 100}, {'date': '2022-05-15T08:30:00', 'amount': 200}, {'date': '2023-01-10T16:45:00', 'amount': 300}, {'date': 'invalid_date', 'amount': 400}, {'date': None, 'amount': 500}],), kwargs: {}, result: [{'date': '2023-08-20T12:00:00', 'amount': 100}, {'date': '2023-01-10T16:45:00', 'amount': 300}, {'date': '2022-05-15T08:30:00', 'amount': 200}, {'date': 'invalid_date', 'amount': 400}, {'date': None, 'amount': 500}]
[2025-05-18 21:38:27.105443] sort_by_date ok | args: ([],), kwargs: {}, result: []
[2025-05-18 21:38:27.105980] sort_by_date ok | args: ([{'date': '2023-01-01T00:00:00'}],), kwargs: {}, result: [{'date': '2023-01-01T00:00:00'}]
[2025-05-18 21:38:27.106560] sort_by_date ok | args: ([{'amount': 100}],), kwargs: {}, result: [{'amount': 100}]
[2025-05-18 21:38:27.122852] sort_by_date ok | args: ([],), kwargs: {}, result: []
[2025-05-18 21:38:27.125869] sort_by_date ok | args: ([{'date': 'invalid_date'}, {'date': None}],), kwargs: {}, result: [{'date': 'invalid_date'}, {'date': None}]
[2025-05-24 16:25:05.712557] sort_by_date ok | args: ([{'date': '2023-08-20T12:00:00', 'amount': 100}, {'date': '2022-05-15T08:30:00', 'amount': 200}, {'date': '2023-01-10T16:45:00', 'amount': 300}], True), kwargs: {}, result: [{'date': '2023-08-20T12:00:00', 'amount': 100}, {'date': '2023-01-10T16:45:00', 'amount': 300}, {'date': '2022-05-15T08:30:00', 'amount': 200}]
[2025-05-24 16:25:05.716451] sort_by_date ok | args: ([{'date': '2023-08-20T12:00:00', 'amount': 100}, {'date': '2022-05-15T08:30:00', 'amount': 200}, {'date': '2023-01-10T16:45:00', 'amount': 300}], False), kwargs: {}, result: [{'date': '2022-05-15T08:30:00', 'amount': 200}, {'date': '2023-01-10T16:45:00', 'amount': 300}, {'date': '2023-08-20T12:00:00', 'amount': 100}]
[2025-05-24 16:25:05.719900] sort_by_date ok | args: ([{'date': '2023-08-20T12:00:00', 'amount': 100}, {'date': '2022-05-15T08:30:00', 'amount': 200}, {'date': '2023-01-10T16:45:00', 'amount': 300}, {'date': 'invalid_date', 'amount': 400}, {'date': None, 'amount': 500}],), kwargs: {}, result: [{'date': '2023-08-20T12:00:00', 'amount': 100}, {'date': '2023-01-10T16:45:00', 'amount': 300}, {'date': '2022-05-15T08:30:00', 'amount': 200}, {'date': 'invalid_date', 'amount': 400}, {'date': None, 'amount': 500}]
[2025-05-24 16:25:05.720471] sort_by_date ok | args: ([],), kwargs: {}, result: []
[2025-05-24 16:25:05.721000] sort_by_date ok | args: ([{'date': '2023-01-01T00:00:00'}],), kwargs: {}, result: [{'date': '2023-01-01T00:00:00'}]
[2025-05-24 16:25:05.721572] sort_by_date ok | args: ([{'amount': 100}],), kwargs: {}, result: [{'amount': 100}]
[2025-05-24 16:25:05.750066] sort_by_date ok | args: ([],), kwargs: {}, result: []
[2025-05-24 16:25:05.753231] sort_by_date ok | args: ([{'date': 'invalid_date'}, {'date': None}],), kwargs: {}, result: [{'date': 'invalid_date'}, {'date': None}]
[2025-06-01 23:51:30.454612] sort_by_date ok | args: ([{'date': '2023-08-20T12:00:00', 'amount': 100}, {'date': '2022-05-15T08:30:00', 'amount': 200}, {'date': '2023-01-10T16:45:00', 'amount': 300}], True), kwargs: {}, result: [{'date': '2023-08-20T12:00:00', 'amount': 100}, {'date': '2023-01-10T16:45:00', 'amount': 300}, {'date': '2022-05-15T08:30:00', 'amount': 200}]
[2025-06-01 23:51:30.458700] sort_by_date ok | args: ([{'date': '2023-08-20T12:00:00', 'amount': 100}, {'date': '2022-05-15T08:30:00', 'amount': 200}, {'date': '2023-01-10T16:45:00', 'amount': 300}], False), kwargs: {}, result: [{'date': '2022-05-15T08:30:00', 'amount': 200}, {'date': '2023-01-10T16:45:00', 'amount': 300}, {'date': '2023-08-20T12:00:00', 'amount': 100}]
[2025-06-01 23:51:30.462237] sort_by_date ok | args: ([{'date': '2023-08-20T12:00:00', 'amount': 100}, {'date': '2022-05-15T08:30:00', 'amount': 200}, {'date': '2023-01-10T16:45:00', 'amount': 300}, {'date': 'invalid_date', 'amount': 400}, {'date': None, 'amount': 500}],), kwargs: {}, result: [{'date': '2023-08-20T12:00:00', 'amount': 100}, {'date': '2023-01-10T16:45:00', 'amount': 300}, {'date': '2022-05-15T08:30:00', 'amount': 200}, {'date': 'invalid_date', 'amount': 400}, {'date': None, 'amount': 500}]
[2025-06-01 23:51:30.462809] sort_by_date ok | args: ([],), kwargs: {}, result: []
[2025-06-01 23:51:30.463308] sort_by_date ok | args: ([{'date': '2023-01-01T00:00:00'}],), kwargs: {}, result: [{'date': '2023-01-01T00:00:00'}]
[2025-06-01 23:51:30.463815] sort_by_date ok | args: ([{'amount': 100}],), kwargs: {}, result: [{'amount': 100}]
[2025-06-01 23:51:30.480282] sort_by_date ok | args: ([],), kwargs: {}, result: []
[2025-06-01 23:51:30.483272] sort_by_date ok | args: ([{'date': 'invalid_date'}, {'date': None}],), kwargs: {}, result: [{'date': 'invalid_date'}, {'date': None}]
